<?xml version="1.0" encoding="UTF-8"?>
<!-- Generated by org.testng.reporters.JUnitReportReporter -->
<testsuite hostname="DESKTOP-0EJ8PRH" failures="0" tests="1" name="script.DemoTest1" time="4.987" errors="0" timestamp="2024-12-03T19:58:27 IST" skipped="0">
  <testcase classname="script.DemoTest1" name="testDemo1" time="4.987">
    <system-out>
      <![CDATA[Data from xl:admin
Facebook – log in or sign up]]>
    </system-out>
  </testcase> <!-- testDemo1 -->
  <system-out>
    <![CDATA[Read properties from:config.properties
Open Chrome Browser in Local System
Enter the URL:http://www.fb.com
Maximize the browser
Set ITO:12
Set ETO:7
Data from xl:admin
Facebook – log in or sign up
Close the browser]]>
  </system-out>
</testsuite> <!-- script.DemoTest1 -->
