<?xml version="1.0" encoding="UTF-8"?>
<!-- Generated by org.testng.reporters.JUnitReportReporter -->
<testsuite hostname="DESKTOP-0EJ8PRH" failures="0" tests="1" name="script.DemoTest3" time="3.223" errors="0" timestamp="2024-12-02T19:50:45 IST" skipped="0">
  <testcase classname="script.DemoTest3" name="testDemo2" time="3.223">
    <system-out>
      <![CDATA[Google]]>
    </system-out>
  </testcase> <!-- testDemo2 -->
  <system-out>
    <![CDATA[Google
Google
Google]]>
  </system-out>
</testsuite> <!-- script.DemoTest3 -->
