<?xml version="1.0" encoding="UTF-8"?>
<!-- Generated by org.testng.reporters.JUnitReportReporter -->
<testsuite hostname="DESKTOP-0EJ8PRH" failures="0" tests="2" name="script.DemoTest2" time="12.339" errors="0" timestamp="2024-12-03T19:31:40 IST" skipped="0">
  <testcase classname="script.DemoTest2" name="testDemo2" time="6.934">
    <system-out>
      <![CDATA[Facebook – log in or sign up]]>
    </system-out>
  </testcase> <!-- testDemo2 -->
  <testcase classname="script.DemoTest2" name="testDemo2" time="5.405">
    <system-out>
      <![CDATA[Facebook – log in or sign up]]>
    </system-out>
  </testcase> <!-- testDemo2 -->
  <system-out>
    <![CDATA[Read properties from config file
Read properties from config file
Open Edge Browser in Remote System
Open Chrome Browser in Local System
Enter the URL:http://www.fb.com
Enter the URL:http://www.fb.com
Maximize the browser
Set ITO:12
Set ETO:7
Facebook – log in or sign up
Close the browser
Read properties from config file
Open Chrome Browser in Local System
Maximize the browser
Set ITO:12
Set ETO:7
Facebook – log in or sign up
Close the browser
Enter the URL:http://www.fb.com
Read properties from config file
Open Edge Browser in Remote System
Maximize the browser
Set ITO:12
Set ETO:7
Facebook – log in or sign up
Close the browser
Enter the URL:http://www.fb.com
Maximize the browser
Set ITO:12
Set ETO:7
Facebook – log in or sign up
Close the browser]]>
  </system-out>
</testsuite> <!-- script.DemoTest2 -->
