<?xml version="1.0" encoding="UTF-8"?>
<!-- Generated by org.testng.reporters.JUnitReportReporter -->
<testsuite hostname="DESKTOP-0EJ8PRH" failures="0" tests="1" name="script.ValidLogin" time="11.983" errors="0" timestamp="2024-12-05T19:11:05 IST" skipped="0">
  <testcase classname="script.ValidLogin" name="testValidLogin" time="11.983">
    <system-out>
      <![CDATA[HomePage is Displayed]]>
    </system-out>
  </testcase> <!-- testValidLogin -->
  <system-out>
    <![CDATA[Read properties from:config.properties
Open Chrome Browser in Local System
Enter the URL:https://pos.aksharatraining.in/pos/public/#
Maximize the browser
Set ITO:12
Set ETO:7
HomePage is Displayed
Close the browser]]>
  </system-out>
</testsuite> <!-- script.ValidLogin -->
