<?xml version="1.0" encoding="UTF-8"?>
<!-- Generated by org.testng.reporters.JUnitReportReporter -->
<testsuite hostname="DESKTOP-0EJ8PRH" failures="0" tests="1" name="script.Invalid_Login" time="4.035" errors="0" timestamp="2024-12-05T19:30:52 IST" skipped="0">
  <testcase classname="script.Invalid_Login" name="testInvalid_Login" time="4.035">
    <system-out>
      <![CDATA[Error Message is Displayed:Invalid username and/or password.]]>
    </system-out>
  </testcase> <!-- testInvalid_Login -->
  <system-out>
    <![CDATA[Read properties from:config.properties
Open Chrome Browser in Local System
Enter the URL:https://pos.aksharatraining.in/pos/public/#
Maximize the browser
Set ITO:12
Set ETO:7
Error Message is Displayed:Invalid username and/or password.
Close the browser]]>
  </system-out>
</testsuite> <!-- script.Invalid_Login -->
